app/build/intermediates/manifest_merge_blame_file/debug/manifest-merger-blame-debug-report.txt
1<?xml version="1.0" encoding="utf-8"?>
2<manifest xmlns:android="http://schemas.android.com/apk/res/android"
3    package="com.android.gl2jni" >
4
5    <uses-sdk
6        android:minSdkVersion="14"
6-->src\main\AndroidManifest.xml
7        android:targetSdkVersion="33" />
7-->src\main\AndroidManifest.xml
8
9    <uses-feature android:glEsVersion="0x00020000" />
9-->src\main\AndroidManifest.xml:3:3-51
9-->src\main\AndroidManifest.xml:3:17-49
10
11    <application
11-->src\main\AndroidManifest.xml:4:3-19:17
12        android:allowBackup="false"
12-->src\main\AndroidManifest.xml:5:7-34
13        android:debuggable="true"
14        android:fullBackupContent="false"
14-->src\main\AndroidManifest.xml:6:7-40
15        android:icon="@mipmap/ic_launcher"
15-->src\main\AndroidManifest.xml:7:7-41
16        android:label="@string/gl2jni_activity"
16-->src\main\AndroidManifest.xml:8:7-46
17        android:testOnly="true" >
18        <activity
18-->src\main\AndroidManifest.xml:9:5-18:16
19            android:name="com.android.gl2jni.GL2JNIActivity"
19-->src\main\AndroidManifest.xml:9:15-44
20            android:configChanges="orientation|keyboardHidden"
20-->src\main\AndroidManifest.xml:12:15-65
21            android:exported="true"
21-->src\main\AndroidManifest.xml:13:9-32
22            android:launchMode="singleTask"
22-->src\main\AndroidManifest.xml:11:15-46
23            android:theme="@android:style/Theme.NoTitleBar.Fullscreen" >
23-->src\main\AndroidManifest.xml:10:15-73
24            <intent-filter>
24-->src\main\AndroidManifest.xml:14:7-17:23
25                <action android:name="android.intent.action.MAIN" />
25-->src\main\AndroidManifest.xml:15:9-61
25-->src\main\AndroidManifest.xml:15:17-58
26
27                <category android:name="android.intent.category.LAUNCHER" />
27-->src\main\AndroidManifest.xml:16:9-69
27-->src\main\AndroidManifest.xml:16:19-66
28            </intent-filter>
29        </activity>
30    </application>
31
32</manifest>